<?xml version="1.0" encoding="UTF-8"?>
<testsuite name="per.metepr.pattern.entity.square.SquarePegAdapterTest" tests="1" skipped="0" failures="0" errors="0" timestamp="2022-03-15T09:21:40" hostname="METEOR" time="0.015">
  <properties/>
  <testcase name="test()" classname="per.metepr.pattern.entity.square.SquarePegAdapterTest" time="0.015"/>
  <system-out><![CDATA[]]></system-out>
  <system-err><![CDATA[]]></system-err>
</testsuite>
