<?xml version="1.0" encoding="UTF-8"?>
<testsuite name="per.meteor.pattern.BridgePatternTest" tests="1" skipped="0" failures="0" errors="0" timestamp="2022-03-15T10:20:57" hostname="METEOR" time="0.019">
  <properties/>
  <testcase name="test()" classname="per.meteor.pattern.BridgePatternTest" time="0.019"/>
  <system-out><![CDATA[Tests with basic remote.
Remote: power toggle
------------------------------------
| I'm TV set.
| I'm enabled
| Current volume is 30%
| Current channel is 1
------------------------------------

Tests with advanced remote.
Remote: power toggle
Remote: mute
------------------------------------
| I'm TV set.
| I'm disabled
| Current volume is 0%
| Current channel is 1
------------------------------------

Tests with basic remote.
Remote: power toggle
------------------------------------
| I'm radio.
| I'm enabled
| Current volume is 30%
| Current channel is 1
------------------------------------

Tests with advanced remote.
Remote: power toggle
Remote: mute
------------------------------------
| I'm radio.
| I'm disabled
| Current volume is 0%
| Current channel is 1
------------------------------------

]]></system-out>
  <system-err><![CDATA[]]></system-err>
</testsuite>
