<?xml version="1.0" encoding="UTF-8"?>
<testsuite name="per.meteor.pattern.CommandPatternTest" tests="1" skipped="0" failures="0" errors="0" timestamp="2022-03-17T09:17:19" hostname="METEOR" time="0.018">
  <properties/>
  <testcase name="test()" classname="per.meteor.pattern.CommandPatternTest" time="0.018"/>
  <system-out><![CDATA[]]></system-out>
  <system-err><![CDATA[三月 17, 2022 5:17:19 下午 per.meteor.pattern.CommandReceiver doCommand
信息: do command logic 1
三月 17, 2022 5:17:19 下午 per.meteor.pattern.CommandReceiver doCommand
信息: do command logic 2
三月 17, 2022 5:17:19 下午 per.meteor.pattern.ConcreteCommand undo
信息: do undo command logic 1
]]></system-err>
</testsuite>
